1740413437.591085 client started (72104): version 3.4, socket /private/tmp/tmux-502/default, protocol 8
1740413437.591145 on Darwin 23.6.0 Darwin Kernel Version 23.6.0: Mon Jul 29 21:14:04 PDT 2024; root:xnu-10063.141.2~1/RELEASE_ARM64_T8122
1740413437.591158 using libevent 2.1.12-stable select
1740413437.591399 using utf8proc 2.9.0
1740413437.591407 using ncurses 6.5 20240427
1740413437.591420 flags are 0x18010000
1740413437.591426 socket is /private/tmp/tmux-502/default
1740413437.591437 trying connect
1740413437.591452 connect failed: Connection refused
1740413437.591467 lock file is /private/tmp/tmux-502/default.lock
1740413437.591603 flock succeeded
1740413437.591610 got lock (6)
1740413437.591617 trying connect
1740413437.591624 connect failed: Connection refused
1740413437.592125 add peer 0x150048000: 7 (0x0)
1740413437.592372 sending message 100 to peer 0x150048000 (4 bytes)
1740413437.592382 sending message 111 to peer 0x150048000 (8 bytes)
1740413437.592388 sending message 101 to peer 0x150048000 (14 bytes)
1740413437.592394 sending message 109 to peer 0x150048000 (4 bytes)
1740413437.592399 sending message 102 to peer 0x150048000 (1 bytes)
1740413437.592404 sending message 108 to peer 0x150048000 (36 bytes)
1740413437.592411 sending message 104 to peer 0x150048000 (0 bytes)
1740413437.592417 sending message 110 to peer 0x150048000 (0 bytes)
1740413437.592422 sending message 107 to peer 0x150048000 (4 bytes)
1740413437.592427 sending message 105 to peer 0x150048000 (163 bytes)
1740413437.592439 sending message 105 to peer 0x150048000 (75 bytes)
1740413437.592444 sending message 105 to peer 0x150048000 (21 bytes)
1740413437.592449 sending message 105 to peer 0x150048000 (15 bytes)
1740413437.592454 sending message 105 to peer 0x150048000 (19 bytes)
1740413437.592459 sending message 105 to peer 0x150048000 (57 bytes)
1740413437.592464 sending message 105 to peer 0x150048000 (27 bytes)
1740413437.592469 sending message 105 to peer 0x150048000 (17 bytes)
1740413437.592474 sending message 105 to peer 0x150048000 (22 bytes)
1740413437.592480 sending message 105 to peer 0x150048000 (66 bytes)
1740413437.592485 sending message 105 to peer 0x150048000 (38 bytes)
1740413437.592490 sending message 105 to peer 0x150048000 (632 bytes)
1740413437.592496 sending message 105 to peer 0x150048000 (43 bytes)
1740413437.592500 sending message 105 to peer 0x150048000 (40 bytes)
1740413437.592505 sending message 105 to peer 0x150048000 (17 bytes)
1740413437.592510 sending message 105 to peer 0x150048000 (14 bytes)
1740413437.592515 sending message 105 to peer 0x150048000 (19 bytes)
1740413437.592520 sending message 105 to peer 0x150048000 (8 bytes)
1740413437.592525 sending message 105 to peer 0x150048000 (24 bytes)
1740413437.592530 sending message 105 to peer 0x150048000 (63 bytes)
1740413437.592535 sending message 105 to peer 0x150048000 (36 bytes)
1740413437.592540 sending message 105 to peer 0x150048000 (20 bytes)
1740413437.592545 sending message 105 to peer 0x150048000 (98 bytes)
1740413437.592550 sending message 105 to peer 0x150048000 (57 bytes)
1740413437.592555 sending message 105 to peer 0x150048000 (20 bytes)
1740413437.592560 sending message 105 to peer 0x150048000 (43 bytes)
1740413437.592566 sending message 105 to peer 0x150048000 (30 bytes)
1740413437.592570 sending message 105 to peer 0x150048000 (37 bytes)
1740413437.592575 sending message 105 to peer 0x150048000 (34 bytes)
1740413437.592581 sending message 105 to peer 0x150048000 (35 bytes)
1740413437.592586 sending message 105 to peer 0x150048000 (72 bytes)
1740413437.592591 sending message 105 to peer 0x150048000 (19 bytes)
1740413437.592596 sending message 105 to peer 0x150048000 (38 bytes)
1740413437.592601 sending message 105 to peer 0x150048000 (32 bytes)
1740413437.592606 sending message 105 to peer 0x150048000 (16 bytes)
1740413437.592611 sending message 105 to peer 0x150048000 (59 bytes)
1740413437.592630 sending message 105 to peer 0x150048000 (68 bytes)
1740413437.592635 sending message 105 to peer 0x150048000 (42 bytes)
1740413437.592640 sending message 105 to peer 0x150048000 (65 bytes)
1740413437.592660 sending message 105 to peer 0x150048000 (55 bytes)
1740413437.592664 sending message 105 to peer 0x150048000 (50 bytes)
1740413437.592668 sending message 105 to peer 0x150048000 (49 bytes)
1740413437.592671 sending message 105 to peer 0x150048000 (49 bytes)
1740413437.592674 sending message 105 to peer 0x150048000 (25 bytes)
1740413437.592678 sending message 106 to peer 0x150048000 (0 bytes)
1740413437.592738 sending message 200 to peer 0x150048000 (4 bytes)
1740413437.592744 client loop enter
1740413437.592772 client_signal: Child exited: 20
1740413438.099607 peer 0x150048000 message 303
1740413438.099616 open write file 2 -
1740413438.099632 sending message 305 to peer 0x150048000 (8 bytes)
1740413438.099636 write check file 2
1740413438.099669 peer 0x150048000 message 304
1740413438.099672 write 37 to file 2
1740413438.099676 peer 0x150048000 message 203
1740413438.099678 file 2 37 bytes left
1740413438.099684 write check file 2
1740413438.099686 client loop exit
