1740413442.673984 client started (72399): version 3.4, socket /private/tmp/tmux-502/default, protocol 8
1740413442.674065 on Darwin 23.6.0 Darwin Kernel Version 23.6.0: Mon Jul 29 21:14:04 PDT 2024; root:xnu-10063.141.2~1/RELEASE_ARM64_T8122
1740413442.674080 using libevent 2.1.12-stable select
1740413442.674093 using utf8proc 2.9.0
1740413442.674101 using ncurses 6.5 20240427
1740413442.674121 flags are 0x18010000
1740413442.674128 socket is /private/tmp/tmux-502/default
1740413442.674140 trying connect
1740413442.674156 connect failed: Connection refused
1740413442.674176 lock file is /private/tmp/tmux-502/default.lock
1740413442.674367 flock succeeded
1740413442.674376 got lock (6)
1740413442.674384 trying connect
1740413442.674394 connect failed: Connection refused
1740413442.674875 add peer 0x138008000: 7 (0x0)
1740413442.675148 sending message 100 to peer 0x138008000 (4 bytes)
1740413442.675158 sending message 111 to peer 0x138008000 (8 bytes)
1740413442.675164 sending message 101 to peer 0x138008000 (14 bytes)
1740413442.675169 sending message 109 to peer 0x138008000 (4 bytes)
1740413442.675175 sending message 102 to peer 0x138008000 (1 bytes)
1740413442.675180 sending message 108 to peer 0x138008000 (36 bytes)
1740413442.675187 sending message 104 to peer 0x138008000 (0 bytes)
1740413442.675192 sending message 110 to peer 0x138008000 (0 bytes)
1740413442.675198 sending message 107 to peer 0x138008000 (4 bytes)
1740413442.675203 sending message 105 to peer 0x138008000 (163 bytes)
1740413442.675213 sending message 105 to peer 0x138008000 (75 bytes)
1740413442.675219 sending message 105 to peer 0x138008000 (21 bytes)
1740413442.675224 sending message 105 to peer 0x138008000 (15 bytes)
1740413442.675229 sending message 105 to peer 0x138008000 (19 bytes)
1740413442.675234 sending message 105 to peer 0x138008000 (57 bytes)
1740413442.675239 sending message 105 to peer 0x138008000 (27 bytes)
1740413442.675244 sending message 105 to peer 0x138008000 (17 bytes)
1740413442.675249 sending message 105 to peer 0x138008000 (22 bytes)
1740413442.675254 sending message 105 to peer 0x138008000 (66 bytes)
1740413442.675259 sending message 105 to peer 0x138008000 (38 bytes)
1740413442.675264 sending message 105 to peer 0x138008000 (632 bytes)
1740413442.675269 sending message 105 to peer 0x138008000 (43 bytes)
1740413442.675274 sending message 105 to peer 0x138008000 (40 bytes)
1740413442.675279 sending message 105 to peer 0x138008000 (17 bytes)
1740413442.675284 sending message 105 to peer 0x138008000 (14 bytes)
1740413442.675290 sending message 105 to peer 0x138008000 (19 bytes)
1740413442.675295 sending message 105 to peer 0x138008000 (8 bytes)
1740413442.675300 sending message 105 to peer 0x138008000 (24 bytes)
1740413442.675305 sending message 105 to peer 0x138008000 (63 bytes)
1740413442.675310 sending message 105 to peer 0x138008000 (36 bytes)
1740413442.675315 sending message 105 to peer 0x138008000 (20 bytes)
1740413442.675320 sending message 105 to peer 0x138008000 (98 bytes)
1740413442.675325 sending message 105 to peer 0x138008000 (57 bytes)
1740413442.675330 sending message 105 to peer 0x138008000 (20 bytes)
1740413442.675335 sending message 105 to peer 0x138008000 (43 bytes)
1740413442.675341 sending message 105 to peer 0x138008000 (30 bytes)
1740413442.675345 sending message 105 to peer 0x138008000 (37 bytes)
1740413442.675350 sending message 105 to peer 0x138008000 (34 bytes)
1740413442.675355 sending message 105 to peer 0x138008000 (35 bytes)
1740413442.675360 sending message 105 to peer 0x138008000 (72 bytes)
1740413442.675365 sending message 105 to peer 0x138008000 (19 bytes)
1740413442.675370 sending message 105 to peer 0x138008000 (38 bytes)
1740413442.675375 sending message 105 to peer 0x138008000 (32 bytes)
1740413442.675380 sending message 105 to peer 0x138008000 (16 bytes)
1740413442.675385 sending message 105 to peer 0x138008000 (59 bytes)
1740413442.675390 sending message 105 to peer 0x138008000 (68 bytes)
1740413442.675395 sending message 105 to peer 0x138008000 (42 bytes)
1740413442.675401 sending message 105 to peer 0x138008000 (65 bytes)
1740413442.675427 sending message 105 to peer 0x138008000 (55 bytes)
1740413442.675441 sending message 105 to peer 0x138008000 (50 bytes)
1740413442.675445 sending message 105 to peer 0x138008000 (49 bytes)
1740413442.675449 sending message 105 to peer 0x138008000 (49 bytes)
1740413442.675452 sending message 105 to peer 0x138008000 (25 bytes)
1740413442.675455 sending message 106 to peer 0x138008000 (0 bytes)
1740413442.675501 sending message 200 to peer 0x138008000 (4 bytes)
1740413442.675506 client loop enter
1740413442.675531 client_signal: Child exited: 20
1740413443.180494 peer 0x138008000 message 303
1740413443.180501 open write file 2 -
1740413443.180516 sending message 305 to peer 0x138008000 (8 bytes)
1740413443.180520 write check file 2
1740413443.180562 peer 0x138008000 message 304
1740413443.180567 write 37 to file 2
1740413443.180579 peer 0x138008000 message 203
1740413443.180584 file 2 37 bytes left
1740413443.180592 write check file 2
1740413443.180594 client loop exit
